<?xml version="1.0" encoding="UTF-8"?>
<!-- Generated by org.testng.reporters.JUnitXMLReporter -->
<testsuite ignored="0" hostname="DESKTOP-AHNKB2N" failures="0" tests="4" name="Default test" time="29.263" errors="0" timestamp="2021-06-19T10:23:04 EDT">
  <testcase classname="tests.LoginTest" name="loginWithEmptyEmailTest" time="2.331"/>
  <testcase classname="tests.LoginTest" name="loginWithEmptyPasswordTest" time="2.285"/>
  <testcase classname="tests.LoginTest" name="loginWithInvalidEmailTest" time="2.527"/>
  <testcase classname="tests.LoginTest" name="loginWithWrongEmailPasswordTest" time="2.295"/>
</testsuite> <!-- Default test -->
