<?xml version="1.0" encoding="UTF-8"?>
<!-- Generated by org.testng.reporters.JUnitXMLReporter -->
<testsuite ignored="0" hostname="DESKTOP-AHNKB2N" failures="0" tests="4" name="Test" time="27.863" errors="0" timestamp="19 Jun. 2021 14:32:10 GMT">
  <testcase classname="tests.LoginTest" name="loginWithEmptyEmailTest" time="2.279"/>
  <testcase classname="tests.LoginTest" name="loginWithEmptyPasswordTest" time="2.399"/>
  <testcase classname="tests.LoginTest" name="loginWithInvalidEmailTest" time="2.326"/>
  <testcase classname="tests.LoginTest" name="loginWithWrongEmailPasswordTest" time="2.314"/>
</testsuite> <!-- Test -->
