<?xml version="1.0" encoding="UTF-8"?>
<testng-results ignored="0" total="4" passed="4" failed="0" skipped="0">
  <reporter-output>
  </reporter-output>
  <suite started-at="2021-06-19T14:31:42Z" name="Suite" finished-at="2021-06-19T14:32:10Z" duration-ms="27863">
    <groups>
    </groups>
    <test started-at="2021-06-19T14:31:42Z" name="Test" finished-at="2021-06-19T14:32:10Z" duration-ms="27863">
      <class name="tests.LoginTest">
        <test-method is-config="true" signature="beforeMethod()[pri:0, instance:tests.LoginTest@693fe6c9]" started-at="2021-06-19T14:31:42Z" name="beforeMethod" finished-at="2021-06-19T14:31:46Z" duration-ms="4476" status="PASS">
          <reporter-output>
          </reporter-output>
        </test-method> <!-- beforeMethod -->
        <test-method signature="loginWithEmptyEmailTest()[pri:0, instance:tests.LoginTest@693fe6c9]" started-at="2021-06-19T14:31:46Z" name="loginWithEmptyEmailTest" finished-at="2021-06-19T14:31:49Z" duration-ms="2279" status="PASS">
          <reporter-output>
          </reporter-output>
        </test-method> <!-- loginWithEmptyEmailTest -->
        <test-method is-config="true" signature="afterMethod()[pri:0, instance:tests.LoginTest@693fe6c9]" started-at="2021-06-19T14:31:49Z" name="afterMethod" finished-at="2021-06-19T14:31:49Z" duration-ms="662" status="PASS">
          <reporter-output>
          </reporter-output>
        </test-method> <!-- afterMethod -->
        <test-method is-config="true" signature="beforeMethod()[pri:0, instance:tests.LoginTest@693fe6c9]" started-at="2021-06-19T14:31:49Z" name="beforeMethod" finished-at="2021-06-19T14:31:53Z" duration-ms="3805" status="PASS">
          <reporter-output>
          </reporter-output>
        </test-method> <!-- beforeMethod -->
        <test-method signature="loginWithEmptyPasswordTest()[pri:0, instance:tests.LoginTest@693fe6c9]" started-at="2021-06-19T14:31:53Z" name="loginWithEmptyPasswordTest" finished-at="2021-06-19T14:31:55Z" duration-ms="2399" status="PASS">
          <reporter-output>
          </reporter-output>
        </test-method> <!-- loginWithEmptyPasswordTest -->
        <test-method is-config="true" signature="afterMethod()[pri:0, instance:tests.LoginTest@693fe6c9]" started-at="2021-06-19T14:31:55Z" name="afterMethod" finished-at="2021-06-19T14:31:56Z" duration-ms="718" status="PASS">
          <reporter-output>
          </reporter-output>
        </test-method> <!-- afterMethod -->
        <test-method is-config="true" signature="beforeMethod()[pri:0, instance:tests.LoginTest@693fe6c9]" started-at="2021-06-19T14:31:56Z" name="beforeMethod" finished-at="2021-06-19T14:32:00Z" duration-ms="3968" status="PASS">
          <reporter-output>
          </reporter-output>
        </test-method> <!-- beforeMethod -->
        <test-method signature="loginWithInvalidEmailTest()[pri:0, instance:tests.LoginTest@693fe6c9]" started-at="2021-06-19T14:32:00Z" name="loginWithInvalidEmailTest" finished-at="2021-06-19T14:32:02Z" duration-ms="2326" status="PASS">
          <reporter-output>
          </reporter-output>
        </test-method> <!-- loginWithInvalidEmailTest -->
        <test-method is-config="true" signature="afterMethod()[pri:0, instance:tests.LoginTest@693fe6c9]" started-at="2021-06-19T14:32:02Z" name="afterMethod" finished-at="2021-06-19T14:32:03Z" duration-ms="638" status="PASS">
          <reporter-output>
          </reporter-output>
        </test-method> <!-- afterMethod -->
        <test-method is-config="true" signature="beforeMethod()[pri:0, instance:tests.LoginTest@693fe6c9]" started-at="2021-06-19T14:32:03Z" name="beforeMethod" finished-at="2021-06-19T14:32:07Z" duration-ms="3605" status="PASS">
          <reporter-output>
          </reporter-output>
        </test-method> <!-- beforeMethod -->
        <test-method signature="loginWithWrongEmailPasswordTest()[pri:0, instance:tests.LoginTest@693fe6c9]" started-at="2021-06-19T14:32:07Z" name="loginWithWrongEmailPasswordTest" finished-at="2021-06-19T14:32:09Z" duration-ms="2314" status="PASS">
          <reporter-output>
          </reporter-output>
        </test-method> <!-- loginWithWrongEmailPasswordTest -->
        <test-method is-config="true" signature="afterMethod()[pri:0, instance:tests.LoginTest@693fe6c9]" started-at="2021-06-19T14:32:09Z" name="afterMethod" finished-at="2021-06-19T14:32:10Z" duration-ms="655" status="PASS">
          <reporter-output>
          </reporter-output>
        </test-method> <!-- afterMethod -->
      </class> <!-- tests.LoginTest -->
    </test> <!-- Test -->
  </suite> <!-- Suite -->
</testng-results>
